[01m[K/home/tomiliatsereh/backupstaubli_ws/src/printer/src/printertool.cpp:[m[K In function â€˜[01m[Kint main(int, char**)[m[Kâ€™:
[01m[K/home/tomiliatsereh/backupstaubli_ws/src/printer/src/printertool.cpp:112:17:[m[K [01;31m[Kerror: [m[Kexpected â€˜[01m[K}[m[Kâ€™ before â€˜[01m[Kelse[m[Kâ€™
                 [01;31m[Kelse[m[K {
                 [01;31m[K^~~~[m[K
[01m[K/home/tomiliatsereh/backupstaubli_ws/src/printer/src/printertool.cpp:[m[K At global scope:
[01m[K/home/tomiliatsereh/backupstaubli_ws/src/printer/src/printertool.cpp:246:5:[m[K [01;31m[Kerror: [m[Kexpected unqualified-id before â€˜[01m[Kelse[m[Kâ€™
     [01;31m[Kelse[m[K
     [01;31m[K^~~~[m[K
[01m[K/home/tomiliatsereh/backupstaubli_ws/src/printer/src/printertool.cpp:249:5:[m[K [01;31m[Kerror: [m[Kexpected unqualified-id before â€˜[01m[Kreturn[m[Kâ€™
     [01;31m[Kreturn[m[K 0;
     [01;31m[K^~~~~~[m[K
[01m[K/home/tomiliatsereh/backupstaubli_ws/src/printer/src/printertool.cpp:250:1:[m[K [01;31m[Kerror: [m[Kexpected declaration before â€˜[01m[K}[m[Kâ€™ token
 [01;31m[K}[m[K
 [01;31m[K^[m[K
make[2]: *** [CMakeFiles/printer_printertool.dir/src/printertool.cpp.o] Error 1
make[1]: *** [CMakeFiles/printer_printertool.dir/all] Error 2
make: *** [all] Error 2
